<?xml version="1.0" encoding="UTF-8"?>
<testsuite name="com.spjiang.app.JUnit.FactorialTest" tests="1" skipped="0" failures="0" errors="0" timestamp="2020-01-15T01:55:11" hostname="bogon" time="0.004">
  <properties/>
  <testcase name="testFact" classname="com.spjiang.app.JUnit.FactorialTest" time="0.004"/>
  <system-out><![CDATA[]]></system-out>
  <system-err><![CDATA[]]></system-err>
</testsuite>
